This file contains any messages produced by compilers while
running configure, to aid debugging if configure makes a mistake.

It was created by mixed_bohm_gyro_bohm configure 0.1, which was
generated by GNU Autoconf 2.57.  Invocation command line was

  $ ./configure 

## --------- ##
## Platform. ##
## --------- ##

hostname = w3.physics.lehigh.edu
uname -m = i686
uname -r = 2.4.7-10
uname -s = Linux
uname -v = #1 Thu Sep 6 17:27:27 EDT 2001

/usr/bin/uname -p = unknown
/bin/uname -X     = unknown

/bin/arch              = i686
/usr/bin/arch -k       = unknown
/usr/convex/getsysinfo = unknown
hostinfo               = unknown
/bin/machine           = unknown
/usr/bin/oslevel       = unknown
/bin/universe          = unknown

PATH: /usr/local/lf9560/bin
PATH: /usr/local/lf9560/bin
PATH: /usr/local/lf9560/bin
PATH: /usr/local/bin
PATH: /bin
PATH: /usr/bin
PATH: /usr/X11R6/bin
PATH: /usr/local/mdsplus/bin
PATH: /home/bateman/bin
PATH: /home/bateman/.


## ----------- ##
## Core tests. ##
## ----------- ##

configure:1246: checking build system type
configure:1264: result: i686-pc-linux-gnu
configure:1273: checking host system type
configure:1287: result: i686-pc-linux-gnu
configure:1300: result: default language set to Fortran 90
configure:1310: checking for pgf90
configure:1343: result: no
configure:1310: checking for lf95
configure:1328: found /usr/local/lf9560/bin/lf95
configure:1340: result: /usr/local/lf9560/bin/lf95
configure:1360: checking the compiler vendor
configure:1373: /usr/local/lf9560/bin/lf95 -version
ERROR --  No source or object files specified.
configure:1376: $? = 4
configure:1379: /usr/local/lf9560/bin/lf95 --version
Lahey/Fujitsu Fortran 95 Compiler Release L6.00c  S/N: LP072430  
Copyright (C) 1994-2001 Lahey Computer Systems.  All rights reserved.
Copyright (C) 1998-2001 FUJITSU LIMITED. All rights reserved.
Registered to:	Alexei[3~ Pankin                    
		LU                                     
configure:1382: $? = 0
configure:1385: /usr/local/lf9560/bin/lf95 -V
ERROR --  No source or object files specified.
configure:1388: $? = 4
configure:1421: result: Lahey/Fujitsu
configure:1643: creating ./config.status

## ---------------------- ##
## Running config.status. ##
## ---------------------- ##

This file was extended by mixed_bohm_gyro_bohm config.status 0.1, which was
generated by GNU Autoconf 2.57.  Invocation command line was

  CONFIG_FILES    = 
  CONFIG_HEADERS  = 
  CONFIG_LINKS    = 
  CONFIG_COMMANDS = 
  $ ./config.status 

on w3.physics.lehigh.edu

config.status:606: creating makefile
config.status:606: creating makeinclude
config.status:606: creating source/makefile

## ---------------- ##
## Cache variables. ##
## ---------------- ##

ac_cv_build=i686-pc-linux-gnu
ac_cv_build_alias=i686-pc-linux-gnu
ac_cv_env_build_alias_set=
ac_cv_env_build_alias_value=
ac_cv_env_host_alias_set=
ac_cv_env_host_alias_value=
ac_cv_env_target_alias_set=
ac_cv_env_target_alias_value=
ac_cv_host=i686-pc-linux-gnu
ac_cv_host_alias=i686-pc-linux-gnu
ac_cv_path_F90=/usr/local/lf9560/bin/lf95

## ----------------- ##
## Output variables. ##
## ----------------- ##

DEFS='-DPACKAGE_NAME=\"mixed_bohm_gyro_bohm\" -DPACKAGE_TARNAME=\"mixed_bohm_gyro_bohm\" -DPACKAGE_VERSION=\"0.1\" -DPACKAGE_STRING=\"mixed_bohm_gyro_bohm\ 0.1\" -DPACKAGE_BUGREPORT=\"pankin@fusion.physics.lehigh.edu\" '
ECHO_C=''
ECHO_N='-n'
ECHO_T=''
F90='/usr/local/lf9560/bin/lf95'
F90DFLAGS='-g --chk a,e,s,u'
F90FLAGS='-O'
FC='/usr/local/lf9560/bin/lf95'
FFLAGS='-O'
LIBOBJS=''
LIBS=''
LTLIBOBJS=''
MFLAG='-M'
PACKAGE_BUGREPORT='pankin@fusion.physics.lehigh.edu'
PACKAGE_NAME='mixed_bohm_gyro_bohm'
PACKAGE_STRING='mixed_bohm_gyro_bohm 0.1'
PACKAGE_TARNAME='mixed_bohm_gyro_bohm'
PACKAGE_VERSION='0.1'
PATH_SEPARATOR=':'
SHELL='/bin/sh'
bindir='${exec_prefix}/bin'
build='i686-pc-linux-gnu'
build_alias=''
build_cpu='i686'
build_os='linux-gnu'
build_vendor='pc'
datadir='${prefix}/share'
exec_prefix='${prefix}'
host='i686-pc-linux-gnu'
host_alias=''
host_cpu='i686'
host_os='linux-gnu'
host_vendor='pc'
includedir='${prefix}/include'
infodir='${prefix}/info'
libdir='${exec_prefix}/lib'
libexecdir='${exec_prefix}/libexec'
localstatedir='${prefix}/var'
mandir='${prefix}/man'
oldincludedir='/usr/include'
prefix='/home/bateman/Codes/Mixed_Model_2003/Mixed_Bohm_Gyro_Bohm'
program_transform_name='s,x,x,'
sbindir='${exec_prefix}/sbin'
sharedstatedir='${prefix}/com'
sysconfdir='${prefix}/etc'
target_alias=''

## ----------- ##
## confdefs.h. ##
## ----------- ##

#define PACKAGE_BUGREPORT "pankin@fusion.physics.lehigh.edu"
#define PACKAGE_NAME "mixed_bohm_gyro_bohm"
#define PACKAGE_STRING "mixed_bohm_gyro_bohm 0.1"
#define PACKAGE_TARNAME "mixed_bohm_gyro_bohm"
#define PACKAGE_VERSION "0.1"

configure: exit 0
